<?xml version="1.0" encoding="UTF-8"?>
<robot generator="Robot 4.0 (Python 3.9.4 on darwin)" generated="20210414 12:09:05.618" rpa="false" schemaversion="2">
<suite id="s1" name="End to End" source="/Users/Natallia_Akulich/PycharmProjects/Tutorial_robot/tests/EndToEnd/End_to_End.robot">
<test id="s1-t1" name="User can open both sites">
<kw name="Start Web Test" library="CommonWeb" type="SETUP">
<kw name="Open Browser" library="SeleniumLibrary">
<arg>about:blank</arg>
<arg>${BROWSER}</arg>
<doc>Opens a new browser instance to the optional ``url``.</doc>
<msg timestamp="20210414 12:09:05.775" level="INFO">Opening browser 'chrome' to base url 'about:blank'.</msg>
<status status="PASS" starttime="20210414 12:09:05.775" endtime="20210414 12:09:08.206"/>
</kw>
<kw name="Maximize Browser Window" library="SeleniumLibrary">
<doc>Maximizes current browser window.</doc>
<status status="PASS" starttime="20210414 12:09:08.207" endtime="20210414 12:09:08.334"/>
</kw>
<status status="PASS" starttime="20210414 12:09:05.774" endtime="20210414 12:09:08.335"/>
</kw>
<kw name="Go to Landing Page" library="FrontOfficeKey">
<kw name="Navigate To Page" library="FrontOffice.Landing">
<kw name="Go To" library="SeleniumLibrary">
<arg>${FRONT_OFFICE_URL}</arg>
<doc>Navigates the current browser window to the provided ``url``.</doc>
<msg timestamp="20210414 12:09:08.336" level="INFO">Opening url 'http://www.robotframeworktutorial.com/front-office/'</msg>
<status status="PASS" starttime="20210414 12:09:08.336" endtime="20210414 12:09:11.873"/>
</kw>
<status status="PASS" starttime="20210414 12:09:08.336" endtime="20210414 12:09:11.873"/>
</kw>
<kw name="Verify Page Loaded" library="FrontOffice.Landing">
<kw name="Wait Until Page Contains Element" library="SeleniumLibrary">
<arg>${FRONT_LANDING_NAVIGATION_ELEMENT}</arg>
<doc>Waits until the element ``locator`` appears on the current page.</doc>
<status status="PASS" starttime="20210414 12:09:11.874" endtime="20210414 12:09:11.886"/>
</kw>
<status status="PASS" starttime="20210414 12:09:11.874" endtime="20210414 12:09:11.886"/>
</kw>
<status status="PASS" starttime="20210414 12:09:08.335" endtime="20210414 12:09:11.886"/>
</kw>
<kw name="Go to Landing Page" library="BackOfficeKey">
<kw name="Navigate To Page" library="BackOffice.Landing">
<kw name="Go To" library="SeleniumLibrary">
<arg>${BACK_OFFICE_URL}</arg>
<doc>Navigates the current browser window to the provided ``url``.</doc>
<msg timestamp="20210414 12:09:11.887" level="INFO">Opening url 'http://www.robotframeworktutorial.com/back-office/'</msg>
<status status="PASS" starttime="20210414 12:09:11.887" endtime="20210414 12:09:13.031"/>
</kw>
<status status="PASS" starttime="20210414 12:09:11.887" endtime="20210414 12:09:13.031"/>
</kw>
<kw name="Verify Page Loaded" library="BackOffice.Landing">
<kw name="Wait Until Page Contains Element" library="SeleniumLibrary">
<arg>${BACK_LANDING_NAVIGATION_ELEMENT}</arg>
<doc>Waits until the element ``locator`` appears on the current page.</doc>
<status status="PASS" starttime="20210414 12:09:13.032" endtime="20210414 12:09:13.045"/>
</kw>
<status status="PASS" starttime="20210414 12:09:13.031" endtime="20210414 12:09:13.045"/>
</kw>
<status status="PASS" starttime="20210414 12:09:11.887" endtime="20210414 12:09:13.045"/>
</kw>
<kw name="End Web Test" library="CommonWeb" type="TEARDOWN">
<kw name="Close All Browsers" library="SeleniumLibrary">
<doc>Closes all open browsers and resets the browser cache.</doc>
<status status="PASS" starttime="20210414 12:09:13.046" endtime="20210414 12:09:13.138"/>
</kw>
<status status="PASS" starttime="20210414 12:09:13.045" endtime="20210414 12:09:13.138"/>
</kw>
<doc>User can open the main page</doc>
<tag>Smoke</tag>
<status status="PASS" starttime="20210414 12:09:05.774" endtime="20210414 12:09:13.138"/>
</test>
<doc>Simple end-to-end tests</doc>
<status status="PASS" starttime="20210414 12:09:05.620" endtime="20210414 12:09:13.139"/>
</suite>
<statistics>
<total>
<stat pass="1" fail="0" skip="0">All Tests</stat>
</total>
<tag>
<stat pass="1" fail="0" skip="0">Smoke</stat>
</tag>
<suite>
<stat pass="1" fail="0" skip="0" id="s1" name="End to End">End to End</stat>
</suite>
</statistics>
<errors>
</errors>
</robot>
