<?xml version="1.0" encoding="UTF-8"?>
<robot generator="Robot 4.0 (Python 3.9.2 on darwin)" generated="20210407 18:11:38.975" rpa="false" schemaversion="2">
<suite id="s1" name="Front Office" source="/Users/Natallia_Akulich/PycharmProjects/Tutorial_robot/tests/Front_Office.robot">
<test id="s1-t1" name="User can open the main page">
<kw name="Start Web Test" library="CommonWeb" type="SETUP">
<kw name="Open Browser" library="SeleniumLibrary">
<arg>about:blank</arg>
<arg>${BROWSER}</arg>
<doc>Opens a new browser instance to the optional ``url``.</doc>
<msg timestamp="20210407 18:11:39.119" level="INFO">Opening browser 'safari' to base url 'about:blank'.</msg>
<status status="PASS" starttime="20210407 18:11:39.119" endtime="20210407 18:11:50.897"/>
</kw>
<kw name="Maximize Browser Window" library="SeleniumLibrary">
<doc>Maximizes current browser window.</doc>
<status status="PASS" starttime="20210407 18:11:50.898" endtime="20210407 18:11:50.923"/>
</kw>
<status status="PASS" starttime="20210407 18:11:39.119" endtime="20210407 18:11:50.923"/>
</kw>
<kw name="Go to Landing Page" library="FrontOfficeKey">
<kw name="Navigate To Page" library="Landing">
<kw name="Go To" library="SeleniumLibrary">
<arg>${MAIN_URL}</arg>
<doc>Navigates the current browser window to the provided ``url``.</doc>
<msg timestamp="20210407 18:11:50.925" level="INFO">Opening url 'http://www.robotframeworktutorial.com/front-office/'</msg>
<status status="PASS" starttime="20210407 18:11:50.924" endtime="20210407 18:11:54.240"/>
</kw>
<status status="PASS" starttime="20210407 18:11:50.924" endtime="20210407 18:11:54.240"/>
</kw>
<kw name="Verify Page Loaded" library="Landing">
<kw name="Wait Until Page Contains Element" library="SeleniumLibrary">
<arg>${LANDING_NAVIGATION_ELEMENT}</arg>
<doc>Waits until the element ``locator`` appears on the current page.</doc>
<status status="PASS" starttime="20210407 18:11:54.241" endtime="20210407 18:11:54.253"/>
</kw>
<status status="PASS" starttime="20210407 18:11:54.241" endtime="20210407 18:11:54.253"/>
</kw>
<status status="PASS" starttime="20210407 18:11:50.924" endtime="20210407 18:11:54.253"/>
</kw>
<kw name="End Web Test" library="CommonWeb" type="TEARDOWN">
<kw name="Close All Browsers" library="SeleniumLibrary">
<doc>Closes all open browsers and resets the browser cache.</doc>
<status status="PASS" starttime="20210407 18:11:54.254" endtime="20210407 18:11:54.269"/>
</kw>
<status status="PASS" starttime="20210407 18:11:54.253" endtime="20210407 18:11:54.269"/>
</kw>
<doc>User can open the main page</doc>
<tag>Smoke</tag>
<status status="PASS" starttime="20210407 18:11:39.118" endtime="20210407 18:11:54.269"/>
</test>
<test id="s1-t2" name="User can open the &quot;Team&quot; page">
<kw name="Start Web Test" library="CommonWeb" type="SETUP">
<kw name="Open Browser" library="SeleniumLibrary">
<arg>about:blank</arg>
<arg>${BROWSER}</arg>
<doc>Opens a new browser instance to the optional ``url``.</doc>
<msg timestamp="20210407 18:11:54.272" level="INFO">Opening browser 'safari' to base url 'about:blank'.</msg>
<status status="PASS" starttime="20210407 18:11:54.272" endtime="20210407 18:11:55.858"/>
</kw>
<kw name="Maximize Browser Window" library="SeleniumLibrary">
<doc>Maximizes current browser window.</doc>
<status status="PASS" starttime="20210407 18:11:55.858" endtime="20210407 18:11:55.872"/>
</kw>
<status status="PASS" starttime="20210407 18:11:54.271" endtime="20210407 18:11:55.872"/>
</kw>
<kw name="Go to Landing Page" library="FrontOfficeKey">
<kw name="Navigate To Page" library="Landing">
<kw name="Go To" library="SeleniumLibrary">
<arg>${MAIN_URL}</arg>
<doc>Navigates the current browser window to the provided ``url``.</doc>
<msg timestamp="20210407 18:11:55.875" level="INFO">Opening url 'http://www.robotframeworktutorial.com/front-office/'</msg>
<status status="PASS" starttime="20210407 18:11:55.874" endtime="20210407 18:11:59.092"/>
</kw>
<status status="PASS" starttime="20210407 18:11:55.874" endtime="20210407 18:11:59.092"/>
</kw>
<kw name="Verify Page Loaded" library="Landing">
<kw name="Wait Until Page Contains Element" library="SeleniumLibrary">
<arg>${LANDING_NAVIGATION_ELEMENT}</arg>
<doc>Waits until the element ``locator`` appears on the current page.</doc>
<status status="PASS" starttime="20210407 18:11:59.093" endtime="20210407 18:11:59.103"/>
</kw>
<status status="PASS" starttime="20210407 18:11:59.092" endtime="20210407 18:11:59.103"/>
</kw>
<status status="PASS" starttime="20210407 18:11:55.873" endtime="20210407 18:11:59.103"/>
</kw>
<kw name="Go to Team Page" library="FrontOfficeKey">
<kw name="Select Team Page" library="TopNav">
<kw name="Click Element" library="SeleniumLibrary">
<arg>${TOP_NAV_TEAM_LINK}</arg>
<doc>Click the element identified by ``locator``.</doc>
<msg timestamp="20210407 18:11:59.104" level="INFO">Clicking element 'css=#bs-example-navbar-collapse-1 &gt; ul &gt; li:nth-child(5) &gt; a'.</msg>
<status status="PASS" starttime="20210407 18:11:59.104" endtime="20210407 18:11:59.136"/>
</kw>
<kw name="Sleep" library="BuiltIn">
<arg>3s</arg>
<doc>Pauses the test executed for the given time.</doc>
<msg timestamp="20210407 18:12:02.137" level="INFO">Slept 3 seconds</msg>
<status status="PASS" starttime="20210407 18:11:59.136" endtime="20210407 18:12:02.138"/>
</kw>
<status status="PASS" starttime="20210407 18:11:59.104" endtime="20210407 18:12:02.138"/>
</kw>
<kw name="Verify Page Loaded" library="Team">
<kw name="Wait Until Page Contains Element" library="SeleniumLibrary">
<arg>${TEAM_HEADER_LABEL}</arg>
<doc>Waits until the element ``locator`` appears on the current page.</doc>
<status status="PASS" starttime="20210407 18:12:02.140" endtime="20210407 18:12:02.154"/>
</kw>
<status status="PASS" starttime="20210407 18:12:02.139" endtime="20210407 18:12:02.155"/>
</kw>
<status status="PASS" starttime="20210407 18:11:59.104" endtime="20210407 18:12:02.155"/>
</kw>
<kw name="End Web Test" library="CommonWeb" type="TEARDOWN">
<kw name="Close All Browsers" library="SeleniumLibrary">
<doc>Closes all open browsers and resets the browser cache.</doc>
<status status="PASS" starttime="20210407 18:12:02.156" endtime="20210407 18:12:02.170"/>
</kw>
<status status="PASS" starttime="20210407 18:12:02.156" endtime="20210407 18:12:02.171"/>
</kw>
<doc>User can open the main page</doc>
<tag>Smoke</tag>
<status status="PASS" starttime="20210407 18:11:54.270" endtime="20210407 18:12:02.171"/>
</test>
<test id="s1-t3" name="&quot;Team&quot; page should match requirements">
<kw name="Start Web Test" library="CommonWeb" type="SETUP">
<kw name="Open Browser" library="SeleniumLibrary">
<arg>about:blank</arg>
<arg>${BROWSER}</arg>
<doc>Opens a new browser instance to the optional ``url``.</doc>
<msg timestamp="20210407 18:12:02.176" level="INFO">Opening browser 'safari' to base url 'about:blank'.</msg>
<status status="PASS" starttime="20210407 18:12:02.175" endtime="20210407 18:12:03.740"/>
</kw>
<kw name="Maximize Browser Window" library="SeleniumLibrary">
<doc>Maximizes current browser window.</doc>
<status status="PASS" starttime="20210407 18:12:03.741" endtime="20210407 18:12:03.753"/>
</kw>
<status status="PASS" starttime="20210407 18:12:02.174" endtime="20210407 18:12:03.754"/>
</kw>
<kw name="Go to Landing Page" library="FrontOfficeKey">
<kw name="Navigate To Page" library="Landing">
<kw name="Go To" library="SeleniumLibrary">
<arg>${MAIN_URL}</arg>
<doc>Navigates the current browser window to the provided ``url``.</doc>
<msg timestamp="20210407 18:12:03.756" level="INFO">Opening url 'http://www.robotframeworktutorial.com/front-office/'</msg>
<status status="PASS" starttime="20210407 18:12:03.755" endtime="20210407 18:12:07.156"/>
</kw>
<status status="PASS" starttime="20210407 18:12:03.755" endtime="20210407 18:12:07.157"/>
</kw>
<kw name="Verify Page Loaded" library="Landing">
<kw name="Wait Until Page Contains Element" library="SeleniumLibrary">
<arg>${LANDING_NAVIGATION_ELEMENT}</arg>
<doc>Waits until the element ``locator`` appears on the current page.</doc>
<status status="PASS" starttime="20210407 18:12:07.158" endtime="20210407 18:12:07.174"/>
</kw>
<status status="PASS" starttime="20210407 18:12:07.157" endtime="20210407 18:12:07.174"/>
</kw>
<status status="PASS" starttime="20210407 18:12:03.754" endtime="20210407 18:12:07.175"/>
</kw>
<kw name="Go to Team Page" library="FrontOfficeKey">
<kw name="Select Team Page" library="TopNav">
<kw name="Click Element" library="SeleniumLibrary">
<arg>${TOP_NAV_TEAM_LINK}</arg>
<doc>Click the element identified by ``locator``.</doc>
<msg timestamp="20210407 18:12:07.176" level="INFO">Clicking element 'css=#bs-example-navbar-collapse-1 &gt; ul &gt; li:nth-child(5) &gt; a'.</msg>
<status status="PASS" starttime="20210407 18:12:07.176" endtime="20210407 18:12:07.217"/>
</kw>
<kw name="Sleep" library="BuiltIn">
<arg>3s</arg>
<doc>Pauses the test executed for the given time.</doc>
<msg timestamp="20210407 18:12:10.218" level="INFO">Slept 3 seconds</msg>
<status status="PASS" starttime="20210407 18:12:07.217" endtime="20210407 18:12:10.219"/>
</kw>
<status status="PASS" starttime="20210407 18:12:07.175" endtime="20210407 18:12:10.219"/>
</kw>
<kw name="Verify Page Loaded" library="Team">
<kw name="Wait Until Page Contains Element" library="SeleniumLibrary">
<arg>${TEAM_HEADER_LABEL}</arg>
<doc>Waits until the element ``locator`` appears on the current page.</doc>
<status status="PASS" starttime="20210407 18:12:10.220" endtime="20210407 18:12:10.232"/>
</kw>
<status status="PASS" starttime="20210407 18:12:10.219" endtime="20210407 18:12:10.232"/>
</kw>
<status status="PASS" starttime="20210407 18:12:07.175" endtime="20210407 18:12:10.233"/>
</kw>
<kw name="Validate Team Page" library="FrontOfficeKey">
<kw name="Validate Page Contents" library="Team">
<kw name="Get Text" library="SeleniumLibrary">
<var>${ElementText}</var>
<arg>${TEAM_HEADER_LABEL}</arg>
<doc>Returns the text value of the element identified by ``locator``.</doc>
<msg timestamp="20210407 18:12:10.252" level="INFO">${ElementText} = Our Amazing Team</msg>
<status status="PASS" starttime="20210407 18:12:10.234" endtime="20210407 18:12:10.252"/>
</kw>
<kw name="Should Be Equal As Strings" library="BuiltIn">
<arg>${ElementText}</arg>
<arg>Our Amazing Team</arg>
<arg>ignore_case=True</arg>
<doc>Fails if objects are unequal after converting them to strings.</doc>
<status status="PASS" starttime="20210407 18:12:10.253" endtime="20210407 18:12:10.253"/>
</kw>
<status status="PASS" starttime="20210407 18:12:10.234" endtime="20210407 18:12:10.253"/>
</kw>
<status status="PASS" starttime="20210407 18:12:10.233" endtime="20210407 18:12:10.254"/>
</kw>
<kw name="End Web Test" library="CommonWeb" type="TEARDOWN">
<kw name="Close All Browsers" library="SeleniumLibrary">
<doc>Closes all open browsers and resets the browser cache.</doc>
<status status="PASS" starttime="20210407 18:12:10.255" endtime="20210407 18:12:10.266"/>
</kw>
<status status="PASS" starttime="20210407 18:12:10.254" endtime="20210407 18:12:10.266"/>
</kw>
<doc>User can open the main page</doc>
<tag>Smoke</tag>
<status status="PASS" starttime="20210407 18:12:02.173" endtime="20210407 18:12:10.267"/>
</test>
<doc>Simple test cases for checking the main page of web site</doc>
<status status="PASS" starttime="20210407 18:11:38.976" endtime="20210407 18:12:10.269"/>
</suite>
<statistics>
<total>
<stat pass="3" fail="0" skip="0">All Tests</stat>
</total>
<tag>
<stat pass="3" fail="0" skip="0">Smoke</stat>
</tag>
<suite>
<stat pass="3" fail="0" skip="0" id="s1" name="Front Office">Front Office</stat>
</suite>
</statistics>
<errors>
</errors>
</robot>
